[  0%] Built target _rm_msgs_generate_messages_check_deps_Expand_Speed
[  0%] Built target _rm_msgs_generate_messages_check_deps_Servo_GetAngle
[  0%] Built target _rm_msgs_generate_messages_check_deps_JointPosCustom
[  0%] Built target _rm_msgs_generate_messages_check_deps_Stop
[  0%] Built target _rm_msgs_generate_messages_check_deps_Joint_Voltage
[  0%] Built target _rm_msgs_generate_messages_check_deps_GetArmState_Command
[  0%] Built target _rm_msgs_generate_messages_check_deps_Arm_Current_State
[  0%] Built target _rm_msgs_generate_messages_check_deps_ChangeTool_Name
[  0%] Built target _rm_msgs_generate_messages_check_deps_Gettrajectorylist
[  0%] Built target _rm_msgs_generate_messages_check_deps_Expand_In_Position
[  0%] Built target _rm_msgs_generate_messages_check_deps_Cabinet
[  0%] Built target _rm_msgs_generate_messages_check_deps_Tool_Analog_Output
[  0%] Built target _rm_msgs_generate_messages_check_deps_Tool_Digital_Output
[  0%] Built target _rm_msgs_generate_messages_check_deps_MoveJ
[  0%] Built target _rm_msgs_generate_messages_check_deps_Lift_In_Position
[  0%] Built target _rm_msgs_generate_messages_check_deps_MoveJ_P
[  0%] Built target _rm_msgs_generate_messages_check_deps_Arm_Joint_Speed_Max
[  0%] Built target _rm_msgs_generate_messages_check_deps_Ort_Teach
[  0%] Built target _rm_msgs_generate_messages_check_deps_IO_Update
[  0%] Built target _rm_msgs_generate_messages_check_deps_Arm_IO_State
[  0%] Built target _rm_msgs_generate_messages_check_deps_Force_Position_Move_Joint
[  0%] Built target _rm_msgs_generate_messages_check_deps_Trajectoryinfo
[  0%] Built target _rm_msgs_generate_messages_check_deps_MoveL
[  0%] Built target _rm_msgs_generate_messages_check_deps_Moveloffset
[  0%] Built target _rm_msgs_generate_messages_check_deps_Manual_Set_Force_Pose
[  0%] Built target _rm_msgs_generate_messages_check_deps_Gripper_Set
[  0%] Built target _rm_msgs_generate_messages_check_deps_Pos_Teach
[  0%] Built target _rm_msgs_generate_messages_check_deps_MoveC
[  0%] Built target std_msgs_generate_messages_eus
[  0%] Built target _rm_msgs_generate_messages_check_deps_Register_Data
[  0%] Built target _rm_msgs_generate_messages_check_deps_Turtle_Driver
[  0%] Built target _rm_msgs_generate_messages_check_deps_Joint_Enable
[  0%] Built target _rm_msgs_generate_messages_check_deps_CartePos
[  0%] Built target _rm_msgs_generate_messages_check_deps_Mastername
[  0%] Built target _rm_msgs_generate_messages_check_deps_Gripper_Pick
[  0%] Built target _rm_msgs_generate_messages_check_deps_Tool_IO_State
[  0%] Built target _rm_msgs_generate_messages_check_deps_Force_Position_Move_Pose_Custom
[  0%] Built target geometry_msgs_generate_messages_eus
[  0%] Built target _rm_msgs_generate_messages_check_deps_JointPos
[  0%] Built target _rm_msgs_generate_messages_check_deps_Trajectorylist
[  0%] Built target _rm_msgs_generate_messages_check_deps_Joint_Max_Speed
[  0%] Built target _rm_msgs_generate_messages_check_deps_Arm_Software_Version
[  0%] Built target _rm_msgs_generate_messages_check_deps_Modbustcpmasterinfo
[  0%] Built target _rm_msgs_generate_messages_check_deps_RS485_Mode
[  0%] Built target _rm_msgs_generate_messages_check_deps_Err
[  0%] Built target _rm_msgs_generate_messages_check_deps_Set_Realtime_Push
[  0%] Built target _rm_msgs_generate_messages_check_deps_Read_Register
[  0%] Built target _rm_msgs_generate_messages_check_deps_ChangeTool_State
[  0%] Built target _rm_msgs_generate_messages_check_deps_Read_ModbusRTU
[  0%] Built target _rm_msgs_generate_messages_check_deps_Arm_Analog_Output
[  0%] Built target _rm_msgs_generate_messages_check_deps_Socket_Command
[  0%] Built target _rm_msgs_generate_messages_check_deps_Start_Multi_Drag_Teach
[  0%] Built target _rm_msgs_generate_messages_check_deps_Set_Force_Position
[  0%] Built target _rm_msgs_generate_messages_check_deps_Force_Position_Move_Pose
[  0%] Built target _rm_msgs_generate_messages_check_deps_Joint_En_Flag
[  0%] Built target _rm_msgs_generate_messages_check_deps_Hand_Status
[  0%] Built target _rm_msgs_generate_messages_check_deps_Modbustcpmasterlist
[  0%] Built target _rm_msgs_generate_messages_check_deps_Joint_Temperature
[  0%] Built target _rm_msgs_generate_messages_check_deps_Six_Force
[  0%] Built target _rm_msgs_generate_messages_check_deps_CartePosCustom
[  0%] Built target _rm_msgs_generate_messages_check_deps_Lift_Height
[  0%] Built target _rm_msgs_generate_messages_check_deps_Lift_Speed
[  0%] Built target _rm_msgs_generate_messages_check_deps_ChangeWorkFrame_State
[  0%] Built target _rm_msgs_generate_messages_check_deps_Force_Position_State
[  0%] Built target _rm_msgs_generate_messages_check_deps_Joint_Current
[  0%] Built target _rm_msgs_generate_messages_check_deps_Joint_Step
[  0%] Built target _rm_msgs_generate_messages_check_deps_UpdateTCPmasterparam
[  0%] Built target _rm_msgs_generate_messages_check_deps_ArmState
[  0%] Built target _rm_msgs_generate_messages_check_deps_Hand_Posture
[  0%] Built target _rm_msgs_generate_messages_check_deps_Plan_State
[  0%] Built target _rm_msgs_generate_messages_check_deps_Hand_Angle
[  0%] Built target _rm_msgs_generate_messages_check_deps_Hand_Force
[  0%] Built target _rm_msgs_generate_messages_check_deps_Servo_Move
[  0%] Built target _rm_msgs_generate_messages_check_deps_LiftState
[  0%] Built target _rm_msgs_generate_messages_check_deps_Arm_Current_Status
[  0%] Built target _rm_msgs_generate_messages_check_deps_Joint_PoseEuler
[  0%] Built target _rm_msgs_generate_messages_check_deps_Softwarebuildinfo
[  0%] Built target _rm_msgs_generate_messages_check_deps_Hand_Seq
[  0%] Built target _rm_msgs_generate_messages_check_deps_Joint_Speed
[  0%] Built target _rm_msgs_generate_messages_check_deps_Write_TCPandRTU
[  0%] Built target _rm_msgs_generate_messages_check_deps_Read_TCPandRTU
[  0%] Built target _rm_msgs_generate_messages_check_deps_Set_Modbus_Mode
[  0%] Built target _rm_msgs_generate_messages_check_deps_Rm_Plus_Base
[  0%] Built target _rm_msgs_generate_messages_check_deps_Hand_Speed
[  0%] Built target _rm_msgs_generate_messages_check_deps_Modbusreaddata
[  0%] Built target _rm_msgs_generate_messages_check_deps_Rm_Plus_State
[  0%] Built target _rm_msgs_generate_messages_check_deps_Arm_Digital_Output
[  0%] Built target _rm_msgs_generate_messages_check_deps_Write_Register
[  0%] Built target _rm_msgs_generate_messages_check_deps_Joint_Teach
[  0%] Built target _rm_msgs_generate_messages_check_deps_ChangeWorkFrame_Name
[  0%] Built target _rm_msgs_generate_messages_check_deps_Programrunstate
[  0%] Built target _rm_msgs_generate_messages_check_deps_Stop_Teach
[  0%] Built target _rm_msgs_generate_messages_check_deps_ExpandState
[  0%] Built target _rm_msgs_generate_messages_check_deps_Jointversion
[  0%] Built target _rm_msgs_generate_messages_check_deps_Get_TCP_Master_List_Param
[  0%] Built target _rm_msgs_generate_messages_check_deps_RS485params
[  0%] Built target _rm_msgs_generate_messages_check_deps_Flowchartrunstate
[  0%] Built target _rm_msgs_generate_messages_check_deps_Write_ModbusRTU
[  0%] Built target geometry_msgs_generate_messages_nodejs
[  0%] Built target std_msgs_generate_messages_nodejs
[  0%] Built target _rm_msgs_generate_messages_check_deps_Expand_Position
[  0%] Built target geometry_msgs_generate_messages_py
[  0%] Built target std_msgs_generate_messages_py
[  0%] Built target std_msgs_generate_messages_lisp
[  0%] Built target geometry_msgs_generate_messages_lisp
[  0%] Built target std_msgs_generate_messages_cpp
[  0%] Built target geometry_msgs_generate_messages_cpp
[ 20%] Built target rm_msgs_generate_messages_eus
[ 40%] Built target rm_msgs_generate_messages_nodejs
[ 60%] Built target rm_msgs_generate_messages_py
[ 80%] Built target rm_msgs_generate_messages_cpp
[100%] Built target rm_msgs_generate_messages_lisp
[100%] Built target rm_msgs_generate_messages
