Symlinking /home/nvidia/rm_robot/devel/lib/python3/dist-packages/rm_msgs/__init__.py
Symlinking /home/nvidia/rm_robot/devel/lib/python3/dist-packages/rm_msgs/msg/_RS485params.py
Symlinking /home/nvidia/rm_robot/devel/lib/python3/dist-packages/rm_msgs/msg/_Force_Position_Move_Pose_Custom.py
Symlinking /home/nvidia/rm_robot/devel/lib/python3/dist-packages/rm_msgs/msg/_Arm_Analog_Output.py
Symlinking /home/nvidia/rm_robot/devel/lib/python3/dist-packages/rm_msgs/msg/_Arm_Current_State.py
Symlinking /home/nvidia/rm_robot/devel/lib/python3/dist-packages/rm_msgs/msg/_JointPos.py
Symlinking /home/nvidia/rm_robot/devel/lib/python3/dist-packages/rm_msgs/msg/_CartePosCustom.py
Symlinking /home/nvidia/rm_robot/devel/lib/python3/dist-packages/rm_msgs/msg/_Set_Modbus_Mode.py
Symlinking /home/nvidia/rm_robot/devel/lib/python3/dist-packages/rm_msgs/msg/_Lift_Height.py
Symlinking /home/nvidia/rm_robot/devel/lib/python3/dist-packages/rm_msgs/msg/_Joint_Voltage.py
Symlinking /home/nvidia/rm_robot/devel/lib/python3/dist-packages/rm_msgs/msg/_Stop_Teach.py
Symlinking /home/nvidia/rm_robot/devel/lib/python3/dist-packages/rm_msgs/msg/_Get_TCP_Master_List_Param.py
Symlinking /home/nvidia/rm_robot/devel/lib/python3/dist-packages/rm_msgs/msg/_Joint_Step.py
Symlinking /home/nvidia/rm_robot/devel/lib/python3/dist-packages/rm_msgs/msg/_Stop.py
Symlinking /home/nvidia/rm_robot/devel/lib/python3/dist-packages/rm_msgs/msg/_Write_Register.py
Symlinking /home/nvidia/rm_robot/devel/lib/python3/dist-packages/rm_msgs/msg/_Start_Multi_Drag_Teach.py
Symlinking /home/nvidia/rm_robot/devel/lib/python3/dist-packages/rm_msgs/msg/_Rm_Plus_State.py
Symlinking /home/nvidia/rm_robot/devel/lib/python3/dist-packages/rm_msgs/msg/_Arm_Digital_Output.py
Symlinking /home/nvidia/rm_robot/devel/lib/python3/dist-packages/rm_msgs/msg/_RS485_Mode.py
Symlinking /home/nvidia/rm_robot/devel/lib/python3/dist-packages/rm_msgs/msg/_Trajectoryinfo.py
Symlinking /home/nvidia/rm_robot/devel/lib/python3/dist-packages/rm_msgs/msg/_IO_Update.py
Symlinking /home/nvidia/rm_robot/devel/lib/python3/dist-packages/rm_msgs/msg/_Joint_En_Flag.py
Symlinking /home/nvidia/rm_robot/devel/lib/python3/dist-packages/rm_msgs/msg/_Joint_Max_Speed.py
Symlinking /home/nvidia/rm_robot/devel/lib/python3/dist-packages/rm_msgs/msg/_Arm_Joint_Speed_Max.py
Symlinking /home/nvidia/rm_robot/devel/lib/python3/dist-packages/rm_msgs/msg/_Write_TCPandRTU.py
Symlinking /home/nvidia/rm_robot/devel/lib/python3/dist-packages/rm_msgs/msg/_Socket_Command.py
Symlinking /home/nvidia/rm_robot/devel/lib/python3/dist-packages/rm_msgs/msg/__init__.py
Symlinking /home/nvidia/rm_robot/devel/lib/python3/dist-packages/rm_msgs/msg/_LiftState.py
Symlinking /home/nvidia/rm_robot/devel/lib/python3/dist-packages/rm_msgs/msg/_Arm_Software_Version.py
Symlinking /home/nvidia/rm_robot/devel/lib/python3/dist-packages/rm_msgs/msg/_Joint_Speed.py
Symlinking /home/nvidia/rm_robot/devel/lib/python3/dist-packages/rm_msgs/msg/_Expand_Position.py
Symlinking /home/nvidia/rm_robot/devel/lib/python3/dist-packages/rm_msgs/msg/_Expand_In_Position.py
Symlinking /home/nvidia/rm_robot/devel/lib/python3/dist-packages/rm_msgs/msg/_Turtle_Driver.py
Symlinking /home/nvidia/rm_robot/devel/lib/python3/dist-packages/rm_msgs/msg/_Read_TCPandRTU.py
Symlinking /home/nvidia/rm_robot/devel/lib/python3/dist-packages/rm_msgs/msg/_Hand_Speed.py
Symlinking /home/nvidia/rm_robot/devel/lib/python3/dist-packages/rm_msgs/msg/_Tool_IO_State.py
Symlinking /home/nvidia/rm_robot/devel/lib/python3/dist-packages/rm_msgs/msg/_Gripper_Pick.py
Symlinking /home/nvidia/rm_robot/devel/lib/python3/dist-packages/rm_msgs/msg/_Flowchartrunstate.py
Symlinking /home/nvidia/rm_robot/devel/lib/python3/dist-packages/rm_msgs/msg/_ChangeTool_State.py
Symlinking /home/nvidia/rm_robot/devel/lib/python3/dist-packages/rm_msgs/msg/_Hand_Posture.py
Symlinking /home/nvidia/rm_robot/devel/lib/python3/dist-packages/rm_msgs/msg/_Manual_Set_Force_Pose.py
Symlinking /home/nvidia/rm_robot/devel/lib/python3/dist-packages/rm_msgs/msg/_Joint_PoseEuler.py
Symlinking /home/nvidia/rm_robot/devel/lib/python3/dist-packages/rm_msgs/msg/_Hand_Seq.py
Symlinking /home/nvidia/rm_robot/devel/lib/python3/dist-packages/rm_msgs/msg/_Set_Force_Position.py
Symlinking /home/nvidia/rm_robot/devel/lib/python3/dist-packages/rm_msgs/msg/_UpdateTCPmasterparam.py
Symlinking /home/nvidia/rm_robot/devel/lib/python3/dist-packages/rm_msgs/msg/_ChangeTool_Name.py
Symlinking /home/nvidia/rm_robot/devel/lib/python3/dist-packages/rm_msgs/msg/_Force_Position_State.py
Symlinking /home/nvidia/rm_robot/devel/lib/python3/dist-packages/rm_msgs/msg/_Plan_State.py
Symlinking /home/nvidia/rm_robot/devel/lib/python3/dist-packages/rm_msgs/msg/_Arm_IO_State.py
Symlinking /home/nvidia/rm_robot/devel/lib/python3/dist-packages/rm_msgs/msg/_ChangeWorkFrame_State.py
Symlinking /home/nvidia/rm_robot/devel/lib/python3/dist-packages/rm_msgs/msg/_Six_Force.py
Symlinking /home/nvidia/rm_robot/devel/lib/python3/dist-packages/rm_msgs/msg/_Force_Position_Move_Pose.py
Symlinking /home/nvidia/rm_robot/devel/lib/python3/dist-packages/rm_msgs/msg/_Modbusreaddata.py
Symlinking /home/nvidia/rm_robot/devel/lib/python3/dist-packages/rm_msgs/msg/_Err.py
Symlinking /home/nvidia/rm_robot/devel/lib/python3/dist-packages/rm_msgs/msg/_Lift_In_Position.py
Symlinking /home/nvidia/rm_robot/devel/lib/python3/dist-packages/rm_msgs/msg/_ExpandState.py
Symlinking /home/nvidia/rm_robot/devel/lib/python3/dist-packages/rm_msgs/msg/_Ort_Teach.py
Symlinking /home/nvidia/rm_robot/devel/lib/python3/dist-packages/rm_msgs/msg/_Softwarebuildinfo.py
Symlinking /home/nvidia/rm_robot/devel/lib/python3/dist-packages/rm_msgs/msg/_Programrunstate.py
Symlinking /home/nvidia/rm_robot/devel/lib/python3/dist-packages/rm_msgs/msg/_Set_Realtime_Push.py
Symlinking /home/nvidia/rm_robot/devel/lib/python3/dist-packages/rm_msgs/msg/_Joint_Temperature.py
Symlinking /home/nvidia/rm_robot/devel/lib/python3/dist-packages/rm_msgs/msg/_Cabinet.py
Symlinking /home/nvidia/rm_robot/devel/lib/python3/dist-packages/rm_msgs/msg/_Hand_Angle.py
Symlinking /home/nvidia/rm_robot/devel/lib/python3/dist-packages/rm_msgs/msg/_Read_ModbusRTU.py
Symlinking /home/nvidia/rm_robot/devel/lib/python3/dist-packages/rm_msgs/msg/_Register_Data.py
Symlinking /home/nvidia/rm_robot/devel/lib/python3/dist-packages/rm_msgs/msg/_Arm_Current_Status.py
Symlinking /home/nvidia/rm_robot/devel/lib/python3/dist-packages/rm_msgs/msg/_Force_Position_Move_Joint.py
Symlinking /home/nvidia/rm_robot/devel/lib/python3/dist-packages/rm_msgs/msg/_Lift_Speed.py
Symlinking /home/nvidia/rm_robot/devel/lib/python3/dist-packages/rm_msgs/msg/_Modbustcpmasterinfo.py
Symlinking /home/nvidia/rm_robot/devel/lib/python3/dist-packages/rm_msgs/msg/_Read_Register.py
Symlinking /home/nvidia/rm_robot/devel/lib/python3/dist-packages/rm_msgs/msg/_ChangeWorkFrame_Name.py
Symlinking /home/nvidia/rm_robot/devel/lib/python3/dist-packages/rm_msgs/msg/_MoveL.py
Symlinking /home/nvidia/rm_robot/devel/lib/python3/dist-packages/rm_msgs/msg/_Expand_Speed.py
Symlinking /home/nvidia/rm_robot/devel/lib/python3/dist-packages/rm_msgs/msg/_Pos_Teach.py
Symlinking /home/nvidia/rm_robot/devel/lib/python3/dist-packages/rm_msgs/msg/_Modbustcpmasterlist.py
Symlinking /home/nvidia/rm_robot/devel/lib/python3/dist-packages/rm_msgs/msg/_Gettrajectorylist.py
Symlinking /home/nvidia/rm_robot/devel/lib/python3/dist-packages/rm_msgs/msg/_Write_ModbusRTU.py
Symlinking /home/nvidia/rm_robot/devel/lib/python3/dist-packages/rm_msgs/msg/_CartePos.py
Symlinking /home/nvidia/rm_robot/devel/lib/python3/dist-packages/rm_msgs/msg/_MoveJ.py
Symlinking /home/nvidia/rm_robot/devel/lib/python3/dist-packages/rm_msgs/msg/_Tool_Analog_Output.py
Symlinking /home/nvidia/rm_robot/devel/lib/python3/dist-packages/rm_msgs/msg/_Tool_Digital_Output.py
Symlinking /home/nvidia/rm_robot/devel/lib/python3/dist-packages/rm_msgs/msg/_Servo_GetAngle.py
Symlinking /home/nvidia/rm_robot/devel/lib/python3/dist-packages/rm_msgs/msg/_MoveJ_P.py
Symlinking /home/nvidia/rm_robot/devel/lib/python3/dist-packages/rm_msgs/msg/_Hand_Force.py
Symlinking /home/nvidia/rm_robot/devel/lib/python3/dist-packages/rm_msgs/msg/_ArmState.py
Symlinking /home/nvidia/rm_robot/devel/lib/python3/dist-packages/rm_msgs/msg/_Servo_Move.py
Symlinking /home/nvidia/rm_robot/devel/lib/python3/dist-packages/rm_msgs/msg/_Joint_Enable.py
Symlinking /home/nvidia/rm_robot/devel/lib/python3/dist-packages/rm_msgs/msg/_Mastername.py
Symlinking /home/nvidia/rm_robot/devel/lib/python3/dist-packages/rm_msgs/msg/_Moveloffset.py
Symlinking /home/nvidia/rm_robot/devel/lib/python3/dist-packages/rm_msgs/msg/_Joint_Current.py
Symlinking /home/nvidia/rm_robot/devel/lib/python3/dist-packages/rm_msgs/msg/_GetArmState_Command.py
Symlinking /home/nvidia/rm_robot/devel/lib/python3/dist-packages/rm_msgs/msg/_Hand_Status.py
Symlinking /home/nvidia/rm_robot/devel/lib/python3/dist-packages/rm_msgs/msg/_Trajectorylist.py
Symlinking /home/nvidia/rm_robot/devel/lib/python3/dist-packages/rm_msgs/msg/_JointPosCustom.py
Symlinking /home/nvidia/rm_robot/devel/lib/python3/dist-packages/rm_msgs/msg/_Gripper_Set.py
Symlinking /home/nvidia/rm_robot/devel/lib/python3/dist-packages/rm_msgs/msg/_Joint_Teach.py
Symlinking /home/nvidia/rm_robot/devel/lib/python3/dist-packages/rm_msgs/msg/_Jointversion.py
Symlinking /home/nvidia/rm_robot/devel/lib/python3/dist-packages/rm_msgs/msg/_Rm_Plus_Base.py
Symlinking /home/nvidia/rm_robot/devel/lib/python3/dist-packages/rm_msgs/msg/_MoveC.py
Symlinking /home/nvidia/rm_robot/devel/lib/pkgconfig/rm_msgs.pc
Symlinking /home/nvidia/rm_robot/devel/include/rm_msgs/Gettrajectorylist.h
Symlinking /home/nvidia/rm_robot/devel/include/rm_msgs/MoveJ.h
Symlinking /home/nvidia/rm_robot/devel/include/rm_msgs/Ort_Teach.h
Symlinking /home/nvidia/rm_robot/devel/include/rm_msgs/Tool_Analog_Output.h
Symlinking /home/nvidia/rm_robot/devel/include/rm_msgs/Read_TCPandRTU.h
Symlinking /home/nvidia/rm_robot/devel/include/rm_msgs/MoveL.h
Symlinking /home/nvidia/rm_robot/devel/include/rm_msgs/Set_Modbus_Mode.h
Symlinking /home/nvidia/rm_robot/devel/include/rm_msgs/ChangeWorkFrame_State.h
Symlinking /home/nvidia/rm_robot/devel/include/rm_msgs/CartePos.h
Symlinking /home/nvidia/rm_robot/devel/include/rm_msgs/Joint_En_Flag.h
Symlinking /home/nvidia/rm_robot/devel/include/rm_msgs/Write_TCPandRTU.h
Symlinking /home/nvidia/rm_robot/devel/include/rm_msgs/Lift_Speed.h
Symlinking /home/nvidia/rm_robot/devel/include/rm_msgs/Lift_In_Position.h
Symlinking /home/nvidia/rm_robot/devel/include/rm_msgs/Jointversion.h
Symlinking /home/nvidia/rm_robot/devel/include/rm_msgs/Force_Position_Move_Joint.h
Symlinking /home/nvidia/rm_robot/devel/include/rm_msgs/Joint_Max_Speed.h
Symlinking /home/nvidia/rm_robot/devel/include/rm_msgs/Joint_Temperature.h
Symlinking /home/nvidia/rm_robot/devel/include/rm_msgs/Joint_PoseEuler.h
Symlinking /home/nvidia/rm_robot/devel/include/rm_msgs/Arm_IO_State.h
Symlinking /home/nvidia/rm_robot/devel/include/rm_msgs/Turtle_Driver.h
Symlinking /home/nvidia/rm_robot/devel/include/rm_msgs/Softwarebuildinfo.h
Symlinking /home/nvidia/rm_robot/devel/include/rm_msgs/Arm_Analog_Output.h
Symlinking /home/nvidia/rm_robot/devel/include/rm_msgs/RS485params.h
Symlinking /home/nvidia/rm_robot/devel/include/rm_msgs/Expand_Speed.h
Symlinking /home/nvidia/rm_robot/devel/include/rm_msgs/ArmState.h
Symlinking /home/nvidia/rm_robot/devel/include/rm_msgs/ChangeWorkFrame_Name.h
Symlinking /home/nvidia/rm_robot/devel/include/rm_msgs/Hand_Posture.h
Symlinking /home/nvidia/rm_robot/devel/include/rm_msgs/Stop.h
Symlinking /home/nvidia/rm_robot/devel/include/rm_msgs/Joint_Enable.h
Symlinking /home/nvidia/rm_robot/devel/include/rm_msgs/UpdateTCPmasterparam.h
Symlinking /home/nvidia/rm_robot/devel/include/rm_msgs/Programrunstate.h
Symlinking /home/nvidia/rm_robot/devel/include/rm_msgs/Plan_State.h
Symlinking /home/nvidia/rm_robot/devel/include/rm_msgs/Set_Force_Position.h
Symlinking /home/nvidia/rm_robot/devel/include/rm_msgs/Modbustcpmasterinfo.h
Symlinking /home/nvidia/rm_robot/devel/include/rm_msgs/Rm_Plus_Base.h
Symlinking /home/nvidia/rm_robot/devel/include/rm_msgs/Trajectorylist.h
Symlinking /home/nvidia/rm_robot/devel/include/rm_msgs/Start_Multi_Drag_Teach.h
Symlinking /home/nvidia/rm_robot/devel/include/rm_msgs/Servo_GetAngle.h
Symlinking /home/nvidia/rm_robot/devel/include/rm_msgs/GetArmState_Command.h
Symlinking /home/nvidia/rm_robot/devel/include/rm_msgs/Force_Position_State.h
Symlinking /home/nvidia/rm_robot/devel/include/rm_msgs/Modbusreaddata.h
Symlinking /home/nvidia/rm_robot/devel/include/rm_msgs/Stop_Teach.h
Symlinking /home/nvidia/rm_robot/devel/include/rm_msgs/Hand_Speed.h
Symlinking /home/nvidia/rm_robot/devel/include/rm_msgs/Manual_Set_Force_Pose.h
Symlinking /home/nvidia/rm_robot/devel/include/rm_msgs/Arm_Digital_Output.h
Symlinking /home/nvidia/rm_robot/devel/include/rm_msgs/MoveJ_P.h
Symlinking /home/nvidia/rm_robot/devel/include/rm_msgs/Joint_Step.h
Symlinking /home/nvidia/rm_robot/devel/include/rm_msgs/CartePosCustom.h
Symlinking /home/nvidia/rm_robot/devel/include/rm_msgs/Arm_Joint_Speed_Max.h
Symlinking /home/nvidia/rm_robot/devel/include/rm_msgs/ChangeTool_State.h
Symlinking /home/nvidia/rm_robot/devel/include/rm_msgs/Tool_Digital_Output.h
Symlinking /home/nvidia/rm_robot/devel/include/rm_msgs/LiftState.h
Symlinking /home/nvidia/rm_robot/devel/include/rm_msgs/Gripper_Pick.h
Symlinking /home/nvidia/rm_robot/devel/include/rm_msgs/Hand_Seq.h
Symlinking /home/nvidia/rm_robot/devel/include/rm_msgs/Rm_Plus_State.h
Symlinking /home/nvidia/rm_robot/devel/include/rm_msgs/Hand_Force.h
Symlinking /home/nvidia/rm_robot/devel/include/rm_msgs/Flowchartrunstate.h
Symlinking /home/nvidia/rm_robot/devel/include/rm_msgs/Write_Register.h
Symlinking /home/nvidia/rm_robot/devel/include/rm_msgs/Moveloffset.h
Symlinking /home/nvidia/rm_robot/devel/include/rm_msgs/ExpandState.h
Symlinking /home/nvidia/rm_robot/devel/include/rm_msgs/Read_ModbusRTU.h
Symlinking /home/nvidia/rm_robot/devel/include/rm_msgs/Pos_Teach.h
Symlinking /home/nvidia/rm_robot/devel/include/rm_msgs/ChangeTool_Name.h
Symlinking /home/nvidia/rm_robot/devel/include/rm_msgs/JointPos.h
Symlinking /home/nvidia/rm_robot/devel/include/rm_msgs/Arm_Software_Version.h
Symlinking /home/nvidia/rm_robot/devel/include/rm_msgs/Mastername.h
Symlinking /home/nvidia/rm_robot/devel/include/rm_msgs/Force_Position_Move_Pose_Custom.h
Symlinking /home/nvidia/rm_robot/devel/include/rm_msgs/Hand_Angle.h
Symlinking /home/nvidia/rm_robot/devel/include/rm_msgs/Joint_Voltage.h
Symlinking /home/nvidia/rm_robot/devel/include/rm_msgs/JointPosCustom.h
Symlinking /home/nvidia/rm_robot/devel/include/rm_msgs/Socket_Command.h
Symlinking /home/nvidia/rm_robot/devel/include/rm_msgs/Tool_IO_State.h
Symlinking /home/nvidia/rm_robot/devel/include/rm_msgs/Expand_Position.h
Symlinking /home/nvidia/rm_robot/devel/include/rm_msgs/Lift_Height.h
Symlinking /home/nvidia/rm_robot/devel/include/rm_msgs/Trajectoryinfo.h
Symlinking /home/nvidia/rm_robot/devel/include/rm_msgs/Joint_Speed.h
Symlinking /home/nvidia/rm_robot/devel/include/rm_msgs/Register_Data.h
Symlinking /home/nvidia/rm_robot/devel/include/rm_msgs/Six_Force.h
Symlinking /home/nvidia/rm_robot/devel/include/rm_msgs/Joint_Current.h
Symlinking /home/nvidia/rm_robot/devel/include/rm_msgs/Gripper_Set.h
Symlinking /home/nvidia/rm_robot/devel/include/rm_msgs/RS485_Mode.h
Symlinking /home/nvidia/rm_robot/devel/include/rm_msgs/Expand_In_Position.h
Symlinking /home/nvidia/rm_robot/devel/include/rm_msgs/Force_Position_Move_Pose.h
Symlinking /home/nvidia/rm_robot/devel/include/rm_msgs/Arm_Current_State.h
Symlinking /home/nvidia/rm_robot/devel/include/rm_msgs/Write_ModbusRTU.h
Symlinking /home/nvidia/rm_robot/devel/include/rm_msgs/Arm_Current_Status.h
Symlinking /home/nvidia/rm_robot/devel/include/rm_msgs/MoveC.h
Symlinking /home/nvidia/rm_robot/devel/include/rm_msgs/Read_Register.h
Symlinking /home/nvidia/rm_robot/devel/include/rm_msgs/Servo_Move.h
Symlinking /home/nvidia/rm_robot/devel/include/rm_msgs/Set_Realtime_Push.h
Symlinking /home/nvidia/rm_robot/devel/include/rm_msgs/Err.h
Symlinking /home/nvidia/rm_robot/devel/include/rm_msgs/Hand_Status.h
Symlinking /home/nvidia/rm_robot/devel/include/rm_msgs/Joint_Teach.h
Symlinking /home/nvidia/rm_robot/devel/include/rm_msgs/Modbustcpmasterlist.h
Symlinking /home/nvidia/rm_robot/devel/include/rm_msgs/Cabinet.h
Symlinking /home/nvidia/rm_robot/devel/include/rm_msgs/Get_TCP_Master_List_Param.h
Symlinking /home/nvidia/rm_robot/devel/include/rm_msgs/IO_Update.h
Symlinking /home/nvidia/rm_robot/devel/share/gennodejs/ros/rm_msgs/_index.js
Symlinking /home/nvidia/rm_robot/devel/share/gennodejs/ros/rm_msgs/msg/Joint_PoseEuler.js
Symlinking /home/nvidia/rm_robot/devel/share/gennodejs/ros/rm_msgs/msg/Modbustcpmasterinfo.js
Symlinking /home/nvidia/rm_robot/devel/share/gennodejs/ros/rm_msgs/msg/Tool_IO_State.js
Symlinking /home/nvidia/rm_robot/devel/share/gennodejs/ros/rm_msgs/msg/ExpandState.js
Symlinking /home/nvidia/rm_robot/devel/share/gennodejs/ros/rm_msgs/msg/UpdateTCPmasterparam.js
Symlinking /home/nvidia/rm_robot/devel/share/gennodejs/ros/rm_msgs/msg/Stop.js
Symlinking /home/nvidia/rm_robot/devel/share/gennodejs/ros/rm_msgs/msg/Force_Position_Move_Pose.js
Symlinking /home/nvidia/rm_robot/devel/share/gennodejs/ros/rm_msgs/msg/ChangeTool_State.js
Symlinking /home/nvidia/rm_robot/devel/share/gennodejs/ros/rm_msgs/msg/Register_Data.js
Symlinking /home/nvidia/rm_robot/devel/share/gennodejs/ros/rm_msgs/msg/IO_Update.js
Symlinking /home/nvidia/rm_robot/devel/share/gennodejs/ros/rm_msgs/msg/Hand_Seq.js
Symlinking /home/nvidia/rm_robot/devel/share/gennodejs/ros/rm_msgs/msg/Six_Force.js
Symlinking /home/nvidia/rm_robot/devel/share/gennodejs/ros/rm_msgs/msg/LiftState.js
Symlinking /home/nvidia/rm_robot/devel/share/gennodejs/ros/rm_msgs/msg/Read_Register.js
Symlinking /home/nvidia/rm_robot/devel/share/gennodejs/ros/rm_msgs/msg/RS485_Mode.js
Symlinking /home/nvidia/rm_robot/devel/share/gennodejs/ros/rm_msgs/msg/Tool_Analog_Output.js
Symlinking /home/nvidia/rm_robot/devel/share/gennodejs/ros/rm_msgs/msg/MoveC.js
Symlinking /home/nvidia/rm_robot/devel/share/gennodejs/ros/rm_msgs/msg/Stop_Teach.js
Symlinking /home/nvidia/rm_robot/devel/share/gennodejs/ros/rm_msgs/msg/Servo_GetAngle.js
Symlinking /home/nvidia/rm_robot/devel/share/gennodejs/ros/rm_msgs/msg/Cabinet.js
Symlinking /home/nvidia/rm_robot/devel/share/gennodejs/ros/rm_msgs/msg/Joint_Temperature.js
Symlinking /home/nvidia/rm_robot/devel/share/gennodejs/ros/rm_msgs/msg/Arm_Software_Version.js
Symlinking /home/nvidia/rm_robot/devel/share/gennodejs/ros/rm_msgs/msg/RS485params.js
Symlinking /home/nvidia/rm_robot/devel/share/gennodejs/ros/rm_msgs/msg/Hand_Angle.js
Symlinking /home/nvidia/rm_robot/devel/share/gennodejs/ros/rm_msgs/msg/Tool_Digital_Output.js
Symlinking /home/nvidia/rm_robot/devel/share/gennodejs/ros/rm_msgs/msg/Modbusreaddata.js
Symlinking /home/nvidia/rm_robot/devel/share/gennodejs/ros/rm_msgs/msg/Turtle_Driver.js
Symlinking /home/nvidia/rm_robot/devel/share/gennodejs/ros/rm_msgs/msg/Plan_State.js
Symlinking /home/nvidia/rm_robot/devel/share/gennodejs/ros/rm_msgs/msg/Write_TCPandRTU.js
Symlinking /home/nvidia/rm_robot/devel/share/gennodejs/ros/rm_msgs/msg/Joint_Voltage.js
Symlinking /home/nvidia/rm_robot/devel/share/gennodejs/ros/rm_msgs/msg/Servo_Move.js
Symlinking /home/nvidia/rm_robot/devel/share/gennodejs/ros/rm_msgs/msg/Get_TCP_Master_List_Param.js
Symlinking /home/nvidia/rm_robot/devel/share/gennodejs/ros/rm_msgs/msg/Read_TCPandRTU.js
Symlinking /home/nvidia/rm_robot/devel/share/gennodejs/ros/rm_msgs/msg/Joint_Enable.js
Symlinking /home/nvidia/rm_robot/devel/share/gennodejs/ros/rm_msgs/msg/ArmState.js
Symlinking /home/nvidia/rm_robot/devel/share/gennodejs/ros/rm_msgs/msg/Lift_Height.js
Symlinking /home/nvidia/rm_robot/devel/share/gennodejs/ros/rm_msgs/msg/MoveJ.js
Symlinking /home/nvidia/rm_robot/devel/share/gennodejs/ros/rm_msgs/msg/Set_Realtime_Push.js
Symlinking /home/nvidia/rm_robot/devel/share/gennodejs/ros/rm_msgs/msg/Manual_Set_Force_Pose.js
Symlinking /home/nvidia/rm_robot/devel/share/gennodejs/ros/rm_msgs/msg/Trajectorylist.js
Symlinking /home/nvidia/rm_robot/devel/share/gennodejs/ros/rm_msgs/msg/Jointversion.js
Symlinking /home/nvidia/rm_robot/devel/share/gennodejs/ros/rm_msgs/msg/Programrunstate.js
Symlinking /home/nvidia/rm_robot/devel/share/gennodejs/ros/rm_msgs/msg/ChangeWorkFrame_Name.js
Symlinking /home/nvidia/rm_robot/devel/share/gennodejs/ros/rm_msgs/msg/Socket_Command.js
Symlinking /home/nvidia/rm_robot/devel/share/gennodejs/ros/rm_msgs/msg/Read_ModbusRTU.js
Symlinking /home/nvidia/rm_robot/devel/share/gennodejs/ros/rm_msgs/msg/JointPos.js
Symlinking /home/nvidia/rm_robot/devel/share/gennodejs/ros/rm_msgs/msg/Force_Position_State.js
Symlinking /home/nvidia/rm_robot/devel/share/gennodejs/ros/rm_msgs/msg/Set_Modbus_Mode.js
Symlinking /home/nvidia/rm_robot/devel/share/gennodejs/ros/rm_msgs/msg/Start_Multi_Drag_Teach.js
Symlinking /home/nvidia/rm_robot/devel/share/gennodejs/ros/rm_msgs/msg/CartePos.js
Symlinking /home/nvidia/rm_robot/devel/share/gennodejs/ros/rm_msgs/msg/Softwarebuildinfo.js
Symlinking /home/nvidia/rm_robot/devel/share/gennodejs/ros/rm_msgs/msg/Joint_En_Flag.js
Symlinking /home/nvidia/rm_robot/devel/share/gennodejs/ros/rm_msgs/msg/Force_Position_Move_Joint.js
Symlinking /home/nvidia/rm_robot/devel/share/gennodejs/ros/rm_msgs/msg/Hand_Status.js
Symlinking /home/nvidia/rm_robot/devel/share/gennodejs/ros/rm_msgs/msg/Arm_Joint_Speed_Max.js
Symlinking /home/nvidia/rm_robot/devel/share/gennodejs/ros/rm_msgs/msg/Arm_Digital_Output.js
Symlinking /home/nvidia/rm_robot/devel/share/gennodejs/ros/rm_msgs/msg/Joint_Step.js
Symlinking /home/nvidia/rm_robot/devel/share/gennodejs/ros/rm_msgs/msg/Write_Register.js
Symlinking /home/nvidia/rm_robot/devel/share/gennodejs/ros/rm_msgs/msg/Flowchartrunstate.js
Symlinking /home/nvidia/rm_robot/devel/share/gennodejs/ros/rm_msgs/msg/Expand_Position.js
Symlinking /home/nvidia/rm_robot/devel/share/gennodejs/ros/rm_msgs/msg/CartePosCustom.js
Symlinking /home/nvidia/rm_robot/devel/share/gennodejs/ros/rm_msgs/msg/Moveloffset.js
Symlinking /home/nvidia/rm_robot/devel/share/gennodejs/ros/rm_msgs/msg/Err.js
Symlinking /home/nvidia/rm_robot/devel/share/gennodejs/ros/rm_msgs/msg/Lift_In_Position.js
Symlinking /home/nvidia/rm_robot/devel/share/gennodejs/ros/rm_msgs/msg/Pos_Teach.js
Symlinking /home/nvidia/rm_robot/devel/share/gennodejs/ros/rm_msgs/msg/ChangeTool_Name.js
Symlinking /home/nvidia/rm_robot/devel/share/gennodejs/ros/rm_msgs/msg/Rm_Plus_Base.js
Symlinking /home/nvidia/rm_robot/devel/share/gennodejs/ros/rm_msgs/msg/_index.js
Symlinking /home/nvidia/rm_robot/devel/share/gennodejs/ros/rm_msgs/msg/Gettrajectorylist.js
Symlinking /home/nvidia/rm_robot/devel/share/gennodejs/ros/rm_msgs/msg/Trajectoryinfo.js
Symlinking /home/nvidia/rm_robot/devel/share/gennodejs/ros/rm_msgs/msg/Lift_Speed.js
Symlinking /home/nvidia/rm_robot/devel/share/gennodejs/ros/rm_msgs/msg/Write_ModbusRTU.js
Symlinking /home/nvidia/rm_robot/devel/share/gennodejs/ros/rm_msgs/msg/Joint_Current.js
Symlinking /home/nvidia/rm_robot/devel/share/gennodejs/ros/rm_msgs/msg/JointPosCustom.js
Symlinking /home/nvidia/rm_robot/devel/share/gennodejs/ros/rm_msgs/msg/Hand_Posture.js
Symlinking /home/nvidia/rm_robot/devel/share/gennodejs/ros/rm_msgs/msg/Set_Force_Position.js
Symlinking /home/nvidia/rm_robot/devel/share/gennodejs/ros/rm_msgs/msg/Hand_Force.js
Symlinking /home/nvidia/rm_robot/devel/share/gennodejs/ros/rm_msgs/msg/Arm_IO_State.js
Symlinking /home/nvidia/rm_robot/devel/share/gennodejs/ros/rm_msgs/msg/Mastername.js
Symlinking /home/nvidia/rm_robot/devel/share/gennodejs/ros/rm_msgs/msg/Joint_Max_Speed.js
Symlinking /home/nvidia/rm_robot/devel/share/gennodejs/ros/rm_msgs/msg/MoveJ_P.js
Symlinking /home/nvidia/rm_robot/devel/share/gennodejs/ros/rm_msgs/msg/Joint_Teach.js
Symlinking /home/nvidia/rm_robot/devel/share/gennodejs/ros/rm_msgs/msg/Rm_Plus_State.js
Symlinking /home/nvidia/rm_robot/devel/share/gennodejs/ros/rm_msgs/msg/Force_Position_Move_Pose_Custom.js
Symlinking /home/nvidia/rm_robot/devel/share/gennodejs/ros/rm_msgs/msg/Joint_Speed.js
Symlinking /home/nvidia/rm_robot/devel/share/gennodejs/ros/rm_msgs/msg/Arm_Current_State.js
Symlinking /home/nvidia/rm_robot/devel/share/gennodejs/ros/rm_msgs/msg/Ort_Teach.js
Symlinking /home/nvidia/rm_robot/devel/share/gennodejs/ros/rm_msgs/msg/Expand_In_Position.js
Symlinking /home/nvidia/rm_robot/devel/share/gennodejs/ros/rm_msgs/msg/GetArmState_Command.js
Symlinking /home/nvidia/rm_robot/devel/share/gennodejs/ros/rm_msgs/msg/Gripper_Set.js
Symlinking /home/nvidia/rm_robot/devel/share/gennodejs/ros/rm_msgs/msg/MoveL.js
Symlinking /home/nvidia/rm_robot/devel/share/gennodejs/ros/rm_msgs/msg/Arm_Current_Status.js
Symlinking /home/nvidia/rm_robot/devel/share/gennodejs/ros/rm_msgs/msg/ChangeWorkFrame_State.js
Symlinking /home/nvidia/rm_robot/devel/share/gennodejs/ros/rm_msgs/msg/Gripper_Pick.js
Symlinking /home/nvidia/rm_robot/devel/share/gennodejs/ros/rm_msgs/msg/Arm_Analog_Output.js
Symlinking /home/nvidia/rm_robot/devel/share/gennodejs/ros/rm_msgs/msg/Expand_Speed.js
Symlinking /home/nvidia/rm_robot/devel/share/gennodejs/ros/rm_msgs/msg/Modbustcpmasterlist.js
Symlinking /home/nvidia/rm_robot/devel/share/gennodejs/ros/rm_msgs/msg/Hand_Speed.js
Symlinking /home/nvidia/rm_robot/devel/share/common-lisp/ros/rm_msgs/msg/_package_Joint_En_Flag.lisp
Symlinking /home/nvidia/rm_robot/devel/share/common-lisp/ros/rm_msgs/msg/_package_Arm_Software_Version.lisp
Symlinking /home/nvidia/rm_robot/devel/share/common-lisp/ros/rm_msgs/msg/Lift_Speed.lisp
Symlinking /home/nvidia/rm_robot/devel/share/common-lisp/ros/rm_msgs/msg/Lift_In_Position.lisp
Symlinking /home/nvidia/rm_robot/devel/share/common-lisp/ros/rm_msgs/msg/_package_Modbustcpmasterlist.lisp
Symlinking /home/nvidia/rm_robot/devel/share/common-lisp/ros/rm_msgs/msg/Joint_Voltage.lisp
Symlinking /home/nvidia/rm_robot/devel/share/common-lisp/ros/rm_msgs/msg/Hand_Posture.lisp
Symlinking /home/nvidia/rm_robot/devel/share/common-lisp/ros/rm_msgs/msg/_package_Modbustcpmasterinfo.lisp
Symlinking /home/nvidia/rm_robot/devel/share/common-lisp/ros/rm_msgs/msg/_package_Start_Multi_Drag_Teach.lisp
Symlinking /home/nvidia/rm_robot/devel/share/common-lisp/ros/rm_msgs/msg/_package_Arm_Current_State.lisp
Symlinking /home/nvidia/rm_robot/devel/share/common-lisp/ros/rm_msgs/msg/ChangeTool_Name.lisp
Symlinking /home/nvidia/rm_robot/devel/share/common-lisp/ros/rm_msgs/msg/Tool_Digital_Output.lisp
Symlinking /home/nvidia/rm_robot/devel/share/common-lisp/ros/rm_msgs/msg/_package_Joint_Step.lisp
Symlinking /home/nvidia/rm_robot/devel/share/common-lisp/ros/rm_msgs/msg/_package_Joint_Speed.lisp
Symlinking /home/nvidia/rm_robot/devel/share/common-lisp/ros/rm_msgs/msg/_package_Cabinet.lisp
Symlinking /home/nvidia/rm_robot/devel/share/common-lisp/ros/rm_msgs/msg/_package_Read_Register.lisp
Symlinking /home/nvidia/rm_robot/devel/share/common-lisp/ros/rm_msgs/msg/_package_Hand_Seq.lisp
Symlinking /home/nvidia/rm_robot/devel/share/common-lisp/ros/rm_msgs/msg/Read_Register.lisp
Symlinking /home/nvidia/rm_robot/devel/share/common-lisp/ros/rm_msgs/msg/_package_Force_Position_Move_Joint.lisp
Symlinking /home/nvidia/rm_robot/devel/share/common-lisp/ros/rm_msgs/msg/Modbustcpmasterinfo.lisp
Symlinking /home/nvidia/rm_robot/devel/share/common-lisp/ros/rm_msgs/msg/Hand_Angle.lisp
Symlinking /home/nvidia/rm_robot/devel/share/common-lisp/ros/rm_msgs/msg/ChangeWorkFrame_Name.lisp
Symlinking /home/nvidia/rm_robot/devel/share/common-lisp/ros/rm_msgs/msg/Arm_Current_Status.lisp
Symlinking /home/nvidia/rm_robot/devel/share/common-lisp/ros/rm_msgs/msg/_package_ChangeTool_Name.lisp
Symlinking /home/nvidia/rm_robot/devel/share/common-lisp/ros/rm_msgs/msg/Tool_Analog_Output.lisp
Symlinking /home/nvidia/rm_robot/devel/share/common-lisp/ros/rm_msgs/msg/_package_Hand_Speed.lisp
Symlinking /home/nvidia/rm_robot/devel/share/common-lisp/ros/rm_msgs/msg/Joint_Temperature.lisp
Symlinking /home/nvidia/rm_robot/devel/share/common-lisp/ros/rm_msgs/msg/_package_Read_TCPandRTU.lisp
Symlinking /home/nvidia/rm_robot/devel/share/common-lisp/ros/rm_msgs/msg/_package_Expand_Speed.lisp
Symlinking /home/nvidia/rm_robot/devel/share/common-lisp/ros/rm_msgs/msg/_package_Modbusreaddata.lisp
Symlinking /home/nvidia/rm_robot/devel/share/common-lisp/ros/rm_msgs/msg/RS485params.lisp
Symlinking /home/nvidia/rm_robot/devel/share/common-lisp/ros/rm_msgs/msg/Servo_Move.lisp
Symlinking /home/nvidia/rm_robot/devel/share/common-lisp/ros/rm_msgs/msg/Expand_Position.lisp
Symlinking /home/nvidia/rm_robot/devel/share/common-lisp/ros/rm_msgs/msg/_package_Lift_Speed.lisp
Symlinking /home/nvidia/rm_robot/devel/share/common-lisp/ros/rm_msgs/msg/Arm_Joint_Speed_Max.lisp
Symlinking /home/nvidia/rm_robot/devel/share/common-lisp/ros/rm_msgs/msg/Joint_Max_Speed.lisp
Symlinking /home/nvidia/rm_robot/devel/share/common-lisp/ros/rm_msgs/msg/_package_Socket_Command.lisp
Symlinking /home/nvidia/rm_robot/devel/share/common-lisp/ros/rm_msgs/msg/Joint_Teach.lisp
Symlinking /home/nvidia/rm_robot/devel/share/common-lisp/ros/rm_msgs/msg/Trajectorylist.lisp
Symlinking /home/nvidia/rm_robot/devel/share/common-lisp/ros/rm_msgs/msg/Modbustcpmasterlist.lisp
Symlinking /home/nvidia/rm_robot/devel/share/common-lisp/ros/rm_msgs/msg/_package_Lift_Height.lisp
Symlinking /home/nvidia/rm_robot/devel/share/common-lisp/ros/rm_msgs/msg/Joint_En_Flag.lisp
Symlinking /home/nvidia/rm_robot/devel/share/common-lisp/ros/rm_msgs/msg/_package_ArmState.lisp
Symlinking /home/nvidia/rm_robot/devel/share/common-lisp/ros/rm_msgs/msg/Mastername.lisp
Symlinking /home/nvidia/rm_robot/devel/share/common-lisp/ros/rm_msgs/msg/Arm_Digital_Output.lisp
Symlinking /home/nvidia/rm_robot/devel/share/common-lisp/ros/rm_msgs/msg/Write_ModbusRTU.lisp
Symlinking /home/nvidia/rm_robot/devel/share/common-lisp/ros/rm_msgs/msg/_package_MoveL.lisp
Symlinking /home/nvidia/rm_robot/devel/share/common-lisp/ros/rm_msgs/msg/_package_Force_Position_Move_Pose_Custom.lisp
Symlinking /home/nvidia/rm_robot/devel/share/common-lisp/ros/rm_msgs/msg/_package_Get_TCP_Master_List_Param.lisp
Symlinking /home/nvidia/rm_robot/devel/share/common-lisp/ros/rm_msgs/msg/Jointversion.lisp
Symlinking /home/nvidia/rm_robot/devel/share/common-lisp/ros/rm_msgs/msg/_package_Trajectoryinfo.lisp
Symlinking /home/nvidia/rm_robot/devel/share/common-lisp/ros/rm_msgs/msg/Plan_State.lisp
Symlinking /home/nvidia/rm_robot/devel/share/common-lisp/ros/rm_msgs/msg/ExpandState.lisp
Symlinking /home/nvidia/rm_robot/devel/share/common-lisp/ros/rm_msgs/msg/_package_MoveJ_P.lisp
Symlinking /home/nvidia/rm_robot/devel/share/common-lisp/ros/rm_msgs/msg/Cabinet.lisp
Symlinking /home/nvidia/rm_robot/devel/share/common-lisp/ros/rm_msgs/msg/Force_Position_State.lisp
Symlinking /home/nvidia/rm_robot/devel/share/common-lisp/ros/rm_msgs/msg/_package_JointPos.lisp
Symlinking /home/nvidia/rm_robot/devel/share/common-lisp/ros/rm_msgs/msg/_package_Force_Position_State.lisp
Symlinking /home/nvidia/rm_robot/devel/share/common-lisp/ros/rm_msgs/msg/_package_Softwarebuildinfo.lisp
Symlinking /home/nvidia/rm_robot/devel/share/common-lisp/ros/rm_msgs/msg/_package_Six_Force.lisp
Symlinking /home/nvidia/rm_robot/devel/share/common-lisp/ros/rm_msgs/msg/Joint_Speed.lisp
Symlinking /home/nvidia/rm_robot/devel/share/common-lisp/ros/rm_msgs/msg/Read_TCPandRTU.lisp
Symlinking /home/nvidia/rm_robot/devel/share/common-lisp/ros/rm_msgs/msg/_package_Write_Register.lisp
Symlinking /home/nvidia/rm_robot/devel/share/common-lisp/ros/rm_msgs/msg/_package_ChangeWorkFrame_Name.lisp
Symlinking /home/nvidia/rm_robot/devel/share/common-lisp/ros/rm_msgs/msg/_package_Gripper_Pick.lisp
Symlinking /home/nvidia/rm_robot/devel/share/common-lisp/ros/rm_msgs/msg/_package_Pos_Teach.lisp
Symlinking /home/nvidia/rm_robot/devel/share/common-lisp/ros/rm_msgs/msg/_package_Manual_Set_Force_Pose.lisp
Symlinking /home/nvidia/rm_robot/devel/share/common-lisp/ros/rm_msgs/msg/Trajectoryinfo.lisp
Symlinking /home/nvidia/rm_robot/devel/share/common-lisp/ros/rm_msgs/msg/_package_Programrunstate.lisp
Symlinking /home/nvidia/rm_robot/devel/share/common-lisp/ros/rm_msgs/msg/_package.lisp
Symlinking /home/nvidia/rm_robot/devel/share/common-lisp/ros/rm_msgs/msg/_package_CartePos.lisp
Symlinking /home/nvidia/rm_robot/devel/share/common-lisp/ros/rm_msgs/msg/Force_Position_Move_Pose.lisp
Symlinking /home/nvidia/rm_robot/devel/share/common-lisp/ros/rm_msgs/msg/Set_Realtime_Push.lisp
Symlinking /home/nvidia/rm_robot/devel/share/common-lisp/ros/rm_msgs/msg/_package_Hand_Angle.lisp
Symlinking /home/nvidia/rm_robot/devel/share/common-lisp/ros/rm_msgs/msg/_package_Ort_Teach.lisp
Symlinking /home/nvidia/rm_robot/devel/share/common-lisp/ros/rm_msgs/msg/_package_Read_ModbusRTU.lisp
Symlinking /home/nvidia/rm_robot/devel/share/common-lisp/ros/rm_msgs/msg/Hand_Status.lisp
Symlinking /home/nvidia/rm_robot/devel/share/common-lisp/ros/rm_msgs/msg/_package_Servo_Move.lisp
Symlinking /home/nvidia/rm_robot/devel/share/common-lisp/ros/rm_msgs/msg/_package_Arm_Joint_Speed_Max.lisp
Symlinking /home/nvidia/rm_robot/devel/share/common-lisp/ros/rm_msgs/msg/_package_Gettrajectorylist.lisp
Symlinking /home/nvidia/rm_robot/devel/share/common-lisp/ros/rm_msgs/msg/_package_GetArmState_Command.lisp
Symlinking /home/nvidia/rm_robot/devel/share/common-lisp/ros/rm_msgs/msg/UpdateTCPmasterparam.lisp
Symlinking /home/nvidia/rm_robot/devel/share/common-lisp/ros/rm_msgs/msg/Servo_GetAngle.lisp
Symlinking /home/nvidia/rm_robot/devel/share/common-lisp/ros/rm_msgs/msg/_package_RS485_Mode.lisp
Symlinking /home/nvidia/rm_robot/devel/share/common-lisp/ros/rm_msgs/msg/Start_Multi_Drag_Teach.lisp
Symlinking /home/nvidia/rm_robot/devel/share/common-lisp/ros/rm_msgs/msg/MoveL.lisp
Symlinking /home/nvidia/rm_robot/devel/share/common-lisp/ros/rm_msgs/msg/_package_Plan_State.lisp
Symlinking /home/nvidia/rm_robot/devel/share/common-lisp/ros/rm_msgs/msg/_package_Arm_Current_Status.lisp
Symlinking /home/nvidia/rm_robot/devel/share/common-lisp/ros/rm_msgs/msg/_package_Joint_Temperature.lisp
Symlinking /home/nvidia/rm_robot/devel/share/common-lisp/ros/rm_msgs/msg/_package_Force_Position_Move_Pose.lisp
Symlinking /home/nvidia/rm_robot/devel/share/common-lisp/ros/rm_msgs/msg/ArmState.lisp
Symlinking /home/nvidia/rm_robot/devel/share/common-lisp/ros/rm_msgs/msg/Set_Force_Position.lisp
Symlinking /home/nvidia/rm_robot/devel/share/common-lisp/ros/rm_msgs/msg/rm_msgs-msg.asd
Symlinking /home/nvidia/rm_robot/devel/share/common-lisp/ros/rm_msgs/msg/Joint_Current.lisp
Symlinking /home/nvidia/rm_robot/devel/share/common-lisp/ros/rm_msgs/msg/Tool_IO_State.lisp
Symlinking /home/nvidia/rm_robot/devel/share/common-lisp/ros/rm_msgs/msg/Rm_Plus_Base.lisp
Symlinking /home/nvidia/rm_robot/devel/share/common-lisp/ros/rm_msgs/msg/_package_IO_Update.lisp
Symlinking /home/nvidia/rm_robot/devel/share/common-lisp/ros/rm_msgs/msg/_package_Joint_Enable.lisp
Symlinking /home/nvidia/rm_robot/devel/share/common-lisp/ros/rm_msgs/msg/_package_Trajectorylist.lisp
Symlinking /home/nvidia/rm_robot/devel/share/common-lisp/ros/rm_msgs/msg/Flowchartrunstate.lisp
Symlinking /home/nvidia/rm_robot/devel/share/common-lisp/ros/rm_msgs/msg/_package_Joint_Max_Speed.lisp
Symlinking /home/nvidia/rm_robot/devel/share/common-lisp/ros/rm_msgs/msg/Arm_Analog_Output.lisp
Symlinking /home/nvidia/rm_robot/devel/share/common-lisp/ros/rm_msgs/msg/CartePos.lisp
Symlinking /home/nvidia/rm_robot/devel/share/common-lisp/ros/rm_msgs/msg/_package_Jointversion.lisp
Symlinking /home/nvidia/rm_robot/devel/share/common-lisp/ros/rm_msgs/msg/_package_Expand_In_Position.lisp
Symlinking /home/nvidia/rm_robot/devel/share/common-lisp/ros/rm_msgs/msg/Joint_PoseEuler.lisp
Symlinking /home/nvidia/rm_robot/devel/share/common-lisp/ros/rm_msgs/msg/Hand_Speed.lisp
Symlinking /home/nvidia/rm_robot/devel/share/common-lisp/ros/rm_msgs/msg/Stop.lisp
Symlinking /home/nvidia/rm_robot/devel/share/common-lisp/ros/rm_msgs/msg/Hand_Seq.lisp
Symlinking /home/nvidia/rm_robot/devel/share/common-lisp/ros/rm_msgs/msg/_package_Turtle_Driver.lisp
Symlinking /home/nvidia/rm_robot/devel/share/common-lisp/ros/rm_msgs/msg/Set_Modbus_Mode.lisp
Symlinking /home/nvidia/rm_robot/devel/share/common-lisp/ros/rm_msgs/msg/_package_Lift_In_Position.lisp
Symlinking /home/nvidia/rm_robot/devel/share/common-lisp/ros/rm_msgs/msg/ChangeWorkFrame_State.lisp
Symlinking /home/nvidia/rm_robot/devel/share/common-lisp/ros/rm_msgs/msg/_package_RS485params.lisp
Symlinking /home/nvidia/rm_robot/devel/share/common-lisp/ros/rm_msgs/msg/_package_Rm_Plus_State.lisp
Symlinking /home/nvidia/rm_robot/devel/share/common-lisp/ros/rm_msgs/msg/_package_Joint_Voltage.lisp
Symlinking /home/nvidia/rm_robot/devel/share/common-lisp/ros/rm_msgs/msg/_package_JointPosCustom.lisp
Symlinking /home/nvidia/rm_robot/devel/share/common-lisp/ros/rm_msgs/msg/Pos_Teach.lisp
Symlinking /home/nvidia/rm_robot/devel/share/common-lisp/ros/rm_msgs/msg/_package_Arm_IO_State.lisp
Symlinking /home/nvidia/rm_robot/devel/share/common-lisp/ros/rm_msgs/msg/Socket_Command.lisp
Symlinking /home/nvidia/rm_robot/devel/share/common-lisp/ros/rm_msgs/msg/_package_Arm_Analog_Output.lisp
Symlinking /home/nvidia/rm_robot/devel/share/common-lisp/ros/rm_msgs/msg/_package_Hand_Status.lisp
Symlinking /home/nvidia/rm_robot/devel/share/common-lisp/ros/rm_msgs/msg/Expand_Speed.lisp
Symlinking /home/nvidia/rm_robot/devel/share/common-lisp/ros/rm_msgs/msg/CartePosCustom.lisp
Symlinking /home/nvidia/rm_robot/devel/share/common-lisp/ros/rm_msgs/msg/_package_LiftState.lisp
Symlinking /home/nvidia/rm_robot/devel/share/common-lisp/ros/rm_msgs/msg/Stop_Teach.lisp
Symlinking /home/nvidia/rm_robot/devel/share/common-lisp/ros/rm_msgs/msg/Moveloffset.lisp
Symlinking /home/nvidia/rm_robot/devel/share/common-lisp/ros/rm_msgs/msg/GetArmState_Command.lisp
Symlinking /home/nvidia/rm_robot/devel/share/common-lisp/ros/rm_msgs/msg/ChangeTool_State.lisp
Symlinking /home/nvidia/rm_robot/devel/share/common-lisp/ros/rm_msgs/msg/Softwarebuildinfo.lisp
Symlinking /home/nvidia/rm_robot/devel/share/common-lisp/ros/rm_msgs/msg/Expand_In_Position.lisp
Symlinking /home/nvidia/rm_robot/devel/share/common-lisp/ros/rm_msgs/msg/_package_Servo_GetAngle.lisp
Symlinking /home/nvidia/rm_robot/devel/share/common-lisp/ros/rm_msgs/msg/JointPosCustom.lisp
Symlinking /home/nvidia/rm_robot/devel/share/common-lisp/ros/rm_msgs/msg/_package_MoveJ.lisp
Symlinking /home/nvidia/rm_robot/devel/share/common-lisp/ros/rm_msgs/msg/_package_Tool_Analog_Output.lisp
Symlinking /home/nvidia/rm_robot/devel/share/common-lisp/ros/rm_msgs/msg/MoveJ_P.lisp
Symlinking /home/nvidia/rm_robot/devel/share/common-lisp/ros/rm_msgs/msg/_package_Joint_PoseEuler.lisp
Symlinking /home/nvidia/rm_robot/devel/share/common-lisp/ros/rm_msgs/msg/Joint_Step.lisp
Symlinking /home/nvidia/rm_robot/devel/share/common-lisp/ros/rm_msgs/msg/Gripper_Pick.lisp
Symlinking /home/nvidia/rm_robot/devel/share/common-lisp/ros/rm_msgs/msg/Register_Data.lisp
Symlinking /home/nvidia/rm_robot/devel/share/common-lisp/ros/rm_msgs/msg/_package_Tool_Digital_Output.lisp
Symlinking /home/nvidia/rm_robot/devel/share/common-lisp/ros/rm_msgs/msg/_package_CartePosCustom.lisp
Symlinking /home/nvidia/rm_robot/devel/share/common-lisp/ros/rm_msgs/msg/Force_Position_Move_Pose_Custom.lisp
Symlinking /home/nvidia/rm_robot/devel/share/common-lisp/ros/rm_msgs/msg/_package_Gripper_Set.lisp
Symlinking /home/nvidia/rm_robot/devel/share/common-lisp/ros/rm_msgs/msg/MoveC.lisp
Symlinking /home/nvidia/rm_robot/devel/share/common-lisp/ros/rm_msgs/msg/_package_Stop_Teach.lisp
Symlinking /home/nvidia/rm_robot/devel/share/common-lisp/ros/rm_msgs/msg/_package_ChangeTool_State.lisp
Symlinking /home/nvidia/rm_robot/devel/share/common-lisp/ros/rm_msgs/msg/Manual_Set_Force_Pose.lisp
Symlinking /home/nvidia/rm_robot/devel/share/common-lisp/ros/rm_msgs/msg/Gripper_Set.lisp
Symlinking /home/nvidia/rm_robot/devel/share/common-lisp/ros/rm_msgs/msg/_package_Err.lisp
Symlinking /home/nvidia/rm_robot/devel/share/common-lisp/ros/rm_msgs/msg/_package_Hand_Force.lisp
Symlinking /home/nvidia/rm_robot/devel/share/common-lisp/ros/rm_msgs/msg/_package_Joint_Current.lisp
Symlinking /home/nvidia/rm_robot/devel/share/common-lisp/ros/rm_msgs/msg/Gettrajectorylist.lisp
Symlinking /home/nvidia/rm_robot/devel/share/common-lisp/ros/rm_msgs/msg/_package_Rm_Plus_Base.lisp
Symlinking /home/nvidia/rm_robot/devel/share/common-lisp/ros/rm_msgs/msg/Force_Position_Move_Joint.lisp
Symlinking /home/nvidia/rm_robot/devel/share/common-lisp/ros/rm_msgs/msg/Err.lisp
Symlinking /home/nvidia/rm_robot/devel/share/common-lisp/ros/rm_msgs/msg/_package_Write_ModbusRTU.lisp
Symlinking /home/nvidia/rm_robot/devel/share/common-lisp/ros/rm_msgs/msg/_package_Set_Modbus_Mode.lisp
Symlinking /home/nvidia/rm_robot/devel/share/common-lisp/ros/rm_msgs/msg/_package_Arm_Digital_Output.lisp
Symlinking /home/nvidia/rm_robot/devel/share/common-lisp/ros/rm_msgs/msg/Joint_Enable.lisp
Symlinking /home/nvidia/rm_robot/devel/share/common-lisp/ros/rm_msgs/msg/_package_ExpandState.lisp
Symlinking /home/nvidia/rm_robot/devel/share/common-lisp/ros/rm_msgs/msg/Turtle_Driver.lisp
Symlinking /home/nvidia/rm_robot/devel/share/common-lisp/ros/rm_msgs/msg/Ort_Teach.lisp
Symlinking /home/nvidia/rm_robot/devel/share/common-lisp/ros/rm_msgs/msg/_package_Tool_IO_State.lisp
Symlinking /home/nvidia/rm_robot/devel/share/common-lisp/ros/rm_msgs/msg/Six_Force.lisp
Symlinking /home/nvidia/rm_robot/devel/share/common-lisp/ros/rm_msgs/msg/JointPos.lisp
Symlinking /home/nvidia/rm_robot/devel/share/common-lisp/ros/rm_msgs/msg/_package_Joint_Teach.lisp
Symlinking /home/nvidia/rm_robot/devel/share/common-lisp/ros/rm_msgs/msg/_package_Flowchartrunstate.lisp
Symlinking /home/nvidia/rm_robot/devel/share/common-lisp/ros/rm_msgs/msg/Write_TCPandRTU.lisp
Symlinking /home/nvidia/rm_robot/devel/share/common-lisp/ros/rm_msgs/msg/Write_Register.lisp
Symlinking /home/nvidia/rm_robot/devel/share/common-lisp/ros/rm_msgs/msg/_package_Expand_Position.lisp
Symlinking /home/nvidia/rm_robot/devel/share/common-lisp/ros/rm_msgs/msg/_package_UpdateTCPmasterparam.lisp
Symlinking /home/nvidia/rm_robot/devel/share/common-lisp/ros/rm_msgs/msg/Lift_Height.lisp
Symlinking /home/nvidia/rm_robot/devel/share/common-lisp/ros/rm_msgs/msg/_package_Write_TCPandRTU.lisp
Symlinking /home/nvidia/rm_robot/devel/share/common-lisp/ros/rm_msgs/msg/_package_Stop.lisp
Symlinking /home/nvidia/rm_robot/devel/share/common-lisp/ros/rm_msgs/msg/MoveJ.lisp
Symlinking /home/nvidia/rm_robot/devel/share/common-lisp/ros/rm_msgs/msg/Arm_IO_State.lisp
Symlinking /home/nvidia/rm_robot/devel/share/common-lisp/ros/rm_msgs/msg/_package_MoveC.lisp
Symlinking /home/nvidia/rm_robot/devel/share/common-lisp/ros/rm_msgs/msg/_package_Mastername.lisp
Symlinking /home/nvidia/rm_robot/devel/share/common-lisp/ros/rm_msgs/msg/_package_Set_Realtime_Push.lisp
Symlinking /home/nvidia/rm_robot/devel/share/common-lisp/ros/rm_msgs/msg/Hand_Force.lisp
Symlinking /home/nvidia/rm_robot/devel/share/common-lisp/ros/rm_msgs/msg/LiftState.lisp
Symlinking /home/nvidia/rm_robot/devel/share/common-lisp/ros/rm_msgs/msg/_package_Set_Force_Position.lisp
Symlinking /home/nvidia/rm_robot/devel/share/common-lisp/ros/rm_msgs/msg/_package_Register_Data.lisp
Symlinking /home/nvidia/rm_robot/devel/share/common-lisp/ros/rm_msgs/msg/Arm_Current_State.lisp
Symlinking /home/nvidia/rm_robot/devel/share/common-lisp/ros/rm_msgs/msg/Arm_Software_Version.lisp
Symlinking /home/nvidia/rm_robot/devel/share/common-lisp/ros/rm_msgs/msg/_package_Moveloffset.lisp
Symlinking /home/nvidia/rm_robot/devel/share/common-lisp/ros/rm_msgs/msg/Read_ModbusRTU.lisp
Symlinking /home/nvidia/rm_robot/devel/share/common-lisp/ros/rm_msgs/msg/Rm_Plus_State.lisp
Symlinking /home/nvidia/rm_robot/devel/share/common-lisp/ros/rm_msgs/msg/Modbusreaddata.lisp
Symlinking /home/nvidia/rm_robot/devel/share/common-lisp/ros/rm_msgs/msg/_package_Hand_Posture.lisp
Symlinking /home/nvidia/rm_robot/devel/share/common-lisp/ros/rm_msgs/msg/Get_TCP_Master_List_Param.lisp
Symlinking /home/nvidia/rm_robot/devel/share/common-lisp/ros/rm_msgs/msg/Programrunstate.lisp
Symlinking /home/nvidia/rm_robot/devel/share/common-lisp/ros/rm_msgs/msg/_package_ChangeWorkFrame_State.lisp
Symlinking /home/nvidia/rm_robot/devel/share/common-lisp/ros/rm_msgs/msg/IO_Update.lisp
Symlinking /home/nvidia/rm_robot/devel/share/common-lisp/ros/rm_msgs/msg/RS485_Mode.lisp
Symlinking /home/nvidia/rm_robot/devel/share/rm_msgs/cmake/rm_msgsConfig-version.cmake
Symlinking /home/nvidia/rm_robot/devel/share/rm_msgs/cmake/rm_msgsConfig.cmake
Symlinking /home/nvidia/rm_robot/devel/share/rm_msgs/cmake/rm_msgs-msg-extras.cmake
Symlinking /home/nvidia/rm_robot/devel/share/rm_msgs/cmake/rm_msgs-msg-paths.cmake
Symlinking /home/nvidia/rm_robot/devel/share/roseus/ros/rm_msgs/manifest.l
Symlinking /home/nvidia/rm_robot/devel/share/roseus/ros/rm_msgs/msg/Lift_Height.l
Symlinking /home/nvidia/rm_robot/devel/share/roseus/ros/rm_msgs/msg/Arm_Software_Version.l
Symlinking /home/nvidia/rm_robot/devel/share/roseus/ros/rm_msgs/msg/Joint_Enable.l
Symlinking /home/nvidia/rm_robot/devel/share/roseus/ros/rm_msgs/msg/Joint_Step.l
Symlinking /home/nvidia/rm_robot/devel/share/roseus/ros/rm_msgs/msg/Expand_Position.l
Symlinking /home/nvidia/rm_robot/devel/share/roseus/ros/rm_msgs/msg/Force_Position_Move_Pose_Custom.l
Symlinking /home/nvidia/rm_robot/devel/share/roseus/ros/rm_msgs/msg/Write_ModbusRTU.l
Symlinking /home/nvidia/rm_robot/devel/share/roseus/ros/rm_msgs/msg/Gettrajectorylist.l
Symlinking /home/nvidia/rm_robot/devel/share/roseus/ros/rm_msgs/msg/Joint_En_Flag.l
Symlinking /home/nvidia/rm_robot/devel/share/roseus/ros/rm_msgs/msg/Expand_In_Position.l
Symlinking /home/nvidia/rm_robot/devel/share/roseus/ros/rm_msgs/msg/Manual_Set_Force_Pose.l
Symlinking /home/nvidia/rm_robot/devel/share/roseus/ros/rm_msgs/msg/Arm_Digital_Output.l
Symlinking /home/nvidia/rm_robot/devel/share/roseus/ros/rm_msgs/msg/Register_Data.l
Symlinking /home/nvidia/rm_robot/devel/share/roseus/ros/rm_msgs/msg/RS485_Mode.l
Symlinking /home/nvidia/rm_robot/devel/share/roseus/ros/rm_msgs/msg/MoveJ_P.l
Symlinking /home/nvidia/rm_robot/devel/share/roseus/ros/rm_msgs/msg/Six_Force.l
Symlinking /home/nvidia/rm_robot/devel/share/roseus/ros/rm_msgs/msg/Read_TCPandRTU.l
Symlinking /home/nvidia/rm_robot/devel/share/roseus/ros/rm_msgs/msg/Jointversion.l
Symlinking /home/nvidia/rm_robot/devel/share/roseus/ros/rm_msgs/msg/ChangeWorkFrame_Name.l
Symlinking /home/nvidia/rm_robot/devel/share/roseus/ros/rm_msgs/msg/Force_Position_Move_Pose.l
Symlinking /home/nvidia/rm_robot/devel/share/roseus/ros/rm_msgs/msg/Servo_Move.l
Symlinking /home/nvidia/rm_robot/devel/share/roseus/ros/rm_msgs/msg/Read_ModbusRTU.l
Symlinking /home/nvidia/rm_robot/devel/share/roseus/ros/rm_msgs/msg/CartePos.l
Symlinking /home/nvidia/rm_robot/devel/share/roseus/ros/rm_msgs/msg/Trajectorylist.l
Symlinking /home/nvidia/rm_robot/devel/share/roseus/ros/rm_msgs/msg/Arm_Current_State.l
Symlinking /home/nvidia/rm_robot/devel/share/roseus/ros/rm_msgs/msg/CartePosCustom.l
Symlinking /home/nvidia/rm_robot/devel/share/roseus/ros/rm_msgs/msg/Gripper_Pick.l
Symlinking /home/nvidia/rm_robot/devel/share/roseus/ros/rm_msgs/msg/Lift_In_Position.l
Symlinking /home/nvidia/rm_robot/devel/share/roseus/ros/rm_msgs/msg/ChangeTool_Name.l
Symlinking /home/nvidia/rm_robot/devel/share/roseus/ros/rm_msgs/msg/Force_Position_Move_Joint.l
Symlinking /home/nvidia/rm_robot/devel/share/roseus/ros/rm_msgs/msg/Socket_Command.l
Symlinking /home/nvidia/rm_robot/devel/share/roseus/ros/rm_msgs/msg/Arm_Joint_Speed_Max.l
Symlinking /home/nvidia/rm_robot/devel/share/roseus/ros/rm_msgs/msg/Arm_Analog_Output.l
Symlinking /home/nvidia/rm_robot/devel/share/roseus/ros/rm_msgs/msg/Plan_State.l
Symlinking /home/nvidia/rm_robot/devel/share/roseus/ros/rm_msgs/msg/Ort_Teach.l
Symlinking /home/nvidia/rm_robot/devel/share/roseus/ros/rm_msgs/msg/Joint_Voltage.l
Symlinking /home/nvidia/rm_robot/devel/share/roseus/ros/rm_msgs/msg/Programrunstate.l
Symlinking /home/nvidia/rm_robot/devel/share/roseus/ros/rm_msgs/msg/Set_Force_Position.l
Symlinking /home/nvidia/rm_robot/devel/share/roseus/ros/rm_msgs/msg/MoveC.l
Symlinking /home/nvidia/rm_robot/devel/share/roseus/ros/rm_msgs/msg/ChangeTool_State.l
Symlinking /home/nvidia/rm_robot/devel/share/roseus/ros/rm_msgs/msg/Arm_Current_Status.l
Symlinking /home/nvidia/rm_robot/devel/share/roseus/ros/rm_msgs/msg/Modbusreaddata.l
Symlinking /home/nvidia/rm_robot/devel/share/roseus/ros/rm_msgs/msg/Cabinet.l
Symlinking /home/nvidia/rm_robot/devel/share/roseus/ros/rm_msgs/msg/Stop_Teach.l
Symlinking /home/nvidia/rm_robot/devel/share/roseus/ros/rm_msgs/msg/Joint_Max_Speed.l
Symlinking /home/nvidia/rm_robot/devel/share/roseus/ros/rm_msgs/msg/Hand_Seq.l
Symlinking /home/nvidia/rm_robot/devel/share/roseus/ros/rm_msgs/msg/Tool_Digital_Output.l
Symlinking /home/nvidia/rm_robot/devel/share/roseus/ros/rm_msgs/msg/RS485params.l
Symlinking /home/nvidia/rm_robot/devel/share/roseus/ros/rm_msgs/msg/Hand_Speed.l
Symlinking /home/nvidia/rm_robot/devel/share/roseus/ros/rm_msgs/msg/Tool_IO_State.l
Symlinking /home/nvidia/rm_robot/devel/share/roseus/ros/rm_msgs/msg/Softwarebuildinfo.l
Symlinking /home/nvidia/rm_robot/devel/share/roseus/ros/rm_msgs/msg/Gripper_Set.l
Symlinking /home/nvidia/rm_robot/devel/share/roseus/ros/rm_msgs/msg/ChangeWorkFrame_State.l
Symlinking /home/nvidia/rm_robot/devel/share/roseus/ros/rm_msgs/msg/ArmState.l
Symlinking /home/nvidia/rm_robot/devel/share/roseus/ros/rm_msgs/msg/Joint_Speed.l
Symlinking /home/nvidia/rm_robot/devel/share/roseus/ros/rm_msgs/msg/Servo_GetAngle.l
Symlinking /home/nvidia/rm_robot/devel/share/roseus/ros/rm_msgs/msg/Tool_Analog_Output.l
Symlinking /home/nvidia/rm_robot/devel/share/roseus/ros/rm_msgs/msg/MoveL.l
Symlinking /home/nvidia/rm_robot/devel/share/roseus/ros/rm_msgs/msg/Trajectoryinfo.l
Symlinking /home/nvidia/rm_robot/devel/share/roseus/ros/rm_msgs/msg/Turtle_Driver.l
Symlinking /home/nvidia/rm_robot/devel/share/roseus/ros/rm_msgs/msg/Joint_Teach.l
Symlinking /home/nvidia/rm_robot/devel/share/roseus/ros/rm_msgs/msg/Set_Realtime_Push.l
Symlinking /home/nvidia/rm_robot/devel/share/roseus/ros/rm_msgs/msg/Modbustcpmasterinfo.l
Symlinking /home/nvidia/rm_robot/devel/share/roseus/ros/rm_msgs/msg/Rm_Plus_Base.l
Symlinking /home/nvidia/rm_robot/devel/share/roseus/ros/rm_msgs/msg/Read_Register.l
Symlinking /home/nvidia/rm_robot/devel/share/roseus/ros/rm_msgs/msg/Hand_Angle.l
Symlinking /home/nvidia/rm_robot/devel/share/roseus/ros/rm_msgs/msg/GetArmState_Command.l
Symlinking /home/nvidia/rm_robot/devel/share/roseus/ros/rm_msgs/msg/Joint_Current.l
Symlinking /home/nvidia/rm_robot/devel/share/roseus/ros/rm_msgs/msg/Joint_PoseEuler.l
Symlinking /home/nvidia/rm_robot/devel/share/roseus/ros/rm_msgs/msg/Joint_Temperature.l
Symlinking /home/nvidia/rm_robot/devel/share/roseus/ros/rm_msgs/msg/Expand_Speed.l
Symlinking /home/nvidia/rm_robot/devel/share/roseus/ros/rm_msgs/msg/Stop.l
Symlinking /home/nvidia/rm_robot/devel/share/roseus/ros/rm_msgs/msg/Mastername.l
Symlinking /home/nvidia/rm_robot/devel/share/roseus/ros/rm_msgs/msg/Set_Modbus_Mode.l
Symlinking /home/nvidia/rm_robot/devel/share/roseus/ros/rm_msgs/msg/Hand_Posture.l
Symlinking /home/nvidia/rm_robot/devel/share/roseus/ros/rm_msgs/msg/Moveloffset.l
Symlinking /home/nvidia/rm_robot/devel/share/roseus/ros/rm_msgs/msg/LiftState.l
Symlinking /home/nvidia/rm_robot/devel/share/roseus/ros/rm_msgs/msg/UpdateTCPmasterparam.l
Symlinking /home/nvidia/rm_robot/devel/share/roseus/ros/rm_msgs/msg/IO_Update.l
Symlinking /home/nvidia/rm_robot/devel/share/roseus/ros/rm_msgs/msg/MoveJ.l
Symlinking /home/nvidia/rm_robot/devel/share/roseus/ros/rm_msgs/msg/Arm_IO_State.l
Symlinking /home/nvidia/rm_robot/devel/share/roseus/ros/rm_msgs/msg/Force_Position_State.l
Symlinking /home/nvidia/rm_robot/devel/share/roseus/ros/rm_msgs/msg/Write_Register.l
Symlinking /home/nvidia/rm_robot/devel/share/roseus/ros/rm_msgs/msg/Write_TCPandRTU.l
Symlinking /home/nvidia/rm_robot/devel/share/roseus/ros/rm_msgs/msg/Hand_Force.l
Symlinking /home/nvidia/rm_robot/devel/share/roseus/ros/rm_msgs/msg/Start_Multi_Drag_Teach.l
Symlinking /home/nvidia/rm_robot/devel/share/roseus/ros/rm_msgs/msg/Lift_Speed.l
Symlinking /home/nvidia/rm_robot/devel/share/roseus/ros/rm_msgs/msg/Get_TCP_Master_List_Param.l
Symlinking /home/nvidia/rm_robot/devel/share/roseus/ros/rm_msgs/msg/Err.l
Symlinking /home/nvidia/rm_robot/devel/share/roseus/ros/rm_msgs/msg/Pos_Teach.l
Symlinking /home/nvidia/rm_robot/devel/share/roseus/ros/rm_msgs/msg/ExpandState.l
Symlinking /home/nvidia/rm_robot/devel/share/roseus/ros/rm_msgs/msg/JointPosCustom.l
Symlinking /home/nvidia/rm_robot/devel/share/roseus/ros/rm_msgs/msg/Flowchartrunstate.l
Symlinking /home/nvidia/rm_robot/devel/share/roseus/ros/rm_msgs/msg/Modbustcpmasterlist.l
Symlinking /home/nvidia/rm_robot/devel/share/roseus/ros/rm_msgs/msg/JointPos.l
Symlinking /home/nvidia/rm_robot/devel/share/roseus/ros/rm_msgs/msg/Rm_Plus_State.l
Symlinking /home/nvidia/rm_robot/devel/share/roseus/ros/rm_msgs/msg/Hand_Status.l
